[2025-10-20T16:06:58.841Z] [INFO] Fetched 0 reminders from API
[2025-10-20T16:07:00.409Z] [INFO] Fetched 0 reminders from API
[2025-10-20T16:07:00.409Z] [INFO] Filtered 0 pending reminders from API data
[2025-10-20T16:53:48.471Z] [INFO] Fetched 0 reminders from API
[2025-10-20T16:53:52.630Z] [INFO] Fetched 0 reminders from API
[2025-10-20T16:53:52.630Z] [INFO] Filtered 0 pending reminders from API data
[2025-10-20T16:54:45.197Z] [INFO] Starting Calendar Cron Mailer {
  "schedule": "*/5 * * * *",
  "timezone": "Asia/Ho_Chi_Minh",
  "logLevel": "info"
}
[2025-10-20T16:54:45.360Z] [INFO] Cron job started successfully
[2025-10-20T16:55:00.372Z] [INFO] Starting reminder processing cycle...
[2025-10-20T16:55:00.373Z] [INFO] Starting reminder processing...
[2025-10-20T16:55:00.737Z] [INFO] Fetched 0 reminders from API
[2025-10-20T16:55:00.753Z] [INFO] Filtered 0 pending reminders from API data
[2025-10-20T16:55:00.754Z] [INFO] No reminders to process
[2025-10-20T16:55:00.775Z] [INFO] Reminder processing completed successfully {
  "stats": {
    "sent": 0,
    "errors": 0,
    "total": 0,
    "processed": 0
  }
}
[2025-10-20T16:56:45.444Z] [INFO] Received SIGINT, shutting down gracefully...
[2025-10-20T16:56:48.087Z] [INFO] Fetched 0 reminders from API
[2025-10-20T16:57:06.437Z] [INFO] Fetched 0 reminders from API
[2025-10-20T16:57:06.439Z] [INFO] Filtered 0 pending reminders from API data
[2025-10-20T16:57:51.736Z] [INFO] Running reminder processing once...
[2025-10-20T16:57:51.744Z] [INFO] Starting reminder processing cycle...
[2025-10-20T16:57:51.744Z] [INFO] Starting reminder processing...
[2025-10-20T16:57:52.544Z] [INFO] Fetched 1 reminders from API
[2025-10-20T16:57:52.544Z] [INFO] Filtered 1 pending reminders from API data
[2025-10-20T16:57:52.547Z] [INFO] Reminder processing completed {
  "message": "Processed 1 reminders: 0 sent, 0 errors",
  "processingTimeMs": 803,
  "stats": {
    "sent": 0,
    "errors": 0,
    "total": 1,
    "processed": 0
  }
}
[2025-10-20T16:57:52.547Z] [INFO] Reminder processing completed successfully {
  "stats": {
    "sent": 0,
    "errors": 0,
    "total": 1,
    "processed": 0
  },
  "processingTime": 803
}
[2025-10-20T16:57:52.547Z] [INFO] One-time processing completed successfully
[2025-10-20T16:59:15.011Z] [INFO] Starting Calendar Cron Mailer {
  "schedule": "*/5 * * * *",
  "timezone": "Asia/Ho_Chi_Minh",
  "logLevel": "info"
}
[2025-10-20T16:59:15.046Z] [INFO] Cron job started successfully
[2025-10-20T17:00:00.160Z] [INFO] Starting reminder processing cycle...
[2025-10-20T17:00:00.161Z] [INFO] Starting reminder processing...
[2025-10-20T17:00:00.412Z] [INFO] Fetched 0 reminders from API
[2025-10-20T17:00:00.412Z] [INFO] Filtered 0 pending reminders from API data
[2025-10-20T17:00:00.412Z] [INFO] No reminders to process
[2025-10-20T17:00:00.413Z] [INFO] Reminder processing completed successfully {
  "stats": {
    "sent": 0,
    "errors": 0,
    "total": 0,
    "processed": 0
  }
}
[2025-10-20T17:05:00.632Z] [INFO] Starting reminder processing cycle...
[2025-10-20T17:05:00.634Z] [INFO] Starting reminder processing...
[2025-10-20T17:05:00.930Z] [INFO] Fetched 0 reminders from API
[2025-10-20T17:05:00.930Z] [INFO] Filtered 0 pending reminders from API data
[2025-10-20T17:05:00.930Z] [INFO] No reminders to process
[2025-10-20T17:05:00.930Z] [INFO] Reminder processing completed successfully {
  "stats": {
    "sent": 0,
    "errors": 0,
    "total": 0,
    "processed": 0
  }
}
[2025-10-20T17:07:21.269Z] [INFO] Received SIGINT, shutting down gracefully...
